<?xml version="1.0" encoding="UTF-8"?>
<!-- Generated by org.testng.reporters.JUnitReportReporter -->
<testsuite hostname="Phanuwats-MBP.fios-router.home" failures="0" tests="2" name="practice_Automation_Testing.HomePageTC" time="21.058" errors="0" timestamp="2022-03-06T01:33:55 EST" skipped="1">
  <testcase classname="practice_Automation_Testing.HomePageTC" name="threeArrivalsOnly" time="21.058"/>
  <system-out/>
  <testcase classname="practice_Automation_Testing.HomePageTC" name="threeSlidersOnly">
    <skipped/>
  </testcase> <!-- threeSlidersOnly -->
  <system-out/>
</testsuite> <!-- practice_Automation_Testing.HomePageTC -->
