<?xml version="1.0" encoding="UTF-8"?>
<!-- Generated by org.testng.reporters.JUnitReportReporter -->
<testsuite hostname="Phanuwats-MBP.fios-router.home" failures="0" tests="1" name="practice_Automation_Testing.HomePageTC" time="31.861" errors="0" timestamp="2022-03-05T17:31:09 EST" skipped="0">
  <testcase classname="practice_Automation_Testing.HomePageTC" name="threeSlidersOnly" time="31.861"/>
  <system-out/>
</testsuite> <!-- practice_Automation_Testing.HomePageTC -->
