<?xml version="1.0" encoding="UTF-8"?>
<!-- Generated by org.testng.reporters.JUnitReportReporter -->
<testsuite hostname="Phanuwats-MBP.fios-router.home" failures="0" tests="6" name="practice_Automation_Testing.HomePageTC" time="34.873" errors="0" timestamp="2022-03-09T00:40:13 EST" skipped="5">
  <testcase classname="practice_Automation_Testing.HomePageTC" name="TC006_arrivalsImageAddToBasket" time="34.873"/>
  <system-out/>
  <testcase classname="practice_Automation_Testing.HomePageTC" name="TC004_arrivalsImagesDescription">
    <skipped/>
  </testcase> <!-- TC004_arrivalsImagesDescription -->
  <system-out/>
  <testcase classname="practice_Automation_Testing.HomePageTC" name="TC002_threeArrivalsOnly">
    <skipped/>
  </testcase> <!-- TC002_threeArrivalsOnly -->
  <system-out/>
  <testcase classname="practice_Automation_Testing.HomePageTC" name="TC003_imageArrivalsShouldNavigate">
    <skipped/>
  </testcase> <!-- TC003_imageArrivalsShouldNavigate -->
  <system-out/>
  <testcase classname="practice_Automation_Testing.HomePageTC" name="TC001_threeSlidersOnly">
    <skipped/>
  </testcase> <!-- TC001_threeSlidersOnly -->
  <system-out/>
  <testcase classname="practice_Automation_Testing.HomePageTC" name="TC005_arrivalsImagesReview">
    <skipped/>
  </testcase> <!-- TC005_arrivalsImagesReview -->
  <system-out/>
</testsuite> <!-- practice_Automation_Testing.HomePageTC -->
