<?xml version="1.0" encoding="UTF-8"?>
<!-- Generated by org.testng.reporters.JUnitReportReporter -->
<testsuite hostname="Phanuwats-MBP.fios-router.home" failures="0" tests="1" name="Practice_Automation_Testing.homePage" time="23.902" errors="0" timestamp="2022-03-05T17:12:26 EST" skipped="0">
  <testcase classname="Practice_Automation_Testing.homePage" name="threeSlidersOnly" time="23.902"/>
  <system-out/>
</testsuite> <!-- Practice_Automation_Testing.homePage -->
